<?xml version="1.0" encoding="UTF-8"?>
<testng-results ignored="1" total="6" passed="5" failed="0" skipped="0">
  <reporter-output>
  </reporter-output>
  <suite started-at="2026-06-15T16:49:59 IST" name="Default suite" finished-at="2026-06-15T16:50:12 IST" duration-ms="13163">
    <groups>
    </groups>
    <test started-at="2026-06-15T16:49:59 IST" name="Default test" finished-at="2026-06-15T16:50:12 IST" duration-ms="13163">
      <class name="tests.LoginTest">
        <test-method is-config="true" signature="setUp()[pri:0, instance:tests.LoginTest@702657cc]" started-at="2026-06-15T16:49:59 IST" name="setUp" finished-at="2026-06-15T16:50:00 IST" duration-ms="1529" status="PASS">
          <reporter-output>
          </reporter-output>
        </test-method> <!-- setUp -->
        <test-method signature="loginTest(java.lang.String,java.lang.String)[pri:0, instance:tests.LoginTest@702657cc]" started-at="2026-06-15T16:50:00 IST" name="loginTest" data-provider="loginData" finished-at="2026-06-15T16:50:02 IST" duration-ms="1759" status="PASS">
          <params>
            <param index="0">
              <value>
                <![CDATA[standard_user]]>
              </value>
            </param>
            <param index="1">
              <value>
                <![CDATA[secret_sauce]]>
              </value>
            </param>
          </params>
          <reporter-output>
          </reporter-output>
        </test-method> <!-- loginTest -->
        <test-method is-config="true" signature="tearDown()[pri:0, instance:tests.LoginTest@702657cc]" started-at="2026-06-15T16:50:02 IST" name="tearDown" finished-at="2026-06-15T16:50:02 IST" duration-ms="174" status="PASS">
          <reporter-output>
          </reporter-output>
        </test-method> <!-- tearDown -->
        <test-method is-config="true" signature="setUp()[pri:0, instance:tests.LoginTest@702657cc]" started-at="2026-06-15T16:50:02 IST" name="setUp" finished-at="2026-06-15T16:50:04 IST" duration-ms="1122" status="PASS">
          <reporter-output>
          </reporter-output>
        </test-method> <!-- setUp -->
        <test-method signature="loginTest(java.lang.String,java.lang.String)[pri:0, instance:tests.LoginTest@702657cc]" started-at="2026-06-15T16:50:04 IST" name="loginTest" data-provider="loginData" finished-at="2026-06-15T16:50:05 IST" duration-ms="1207" status="PASS">
          <params>
            <param index="0">
              <value>
                <![CDATA[wrong_user]]>
              </value>
            </param>
            <param index="1">
              <value>
                <![CDATA[wrong_password]]>
              </value>
            </param>
          </params>
          <reporter-output>
          </reporter-output>
        </test-method> <!-- loginTest -->
        <test-method is-config="true" signature="tearDown()[pri:0, instance:tests.LoginTest@702657cc]" started-at="2026-06-15T16:50:05 IST" name="tearDown" finished-at="2026-06-15T16:50:05 IST" duration-ms="157" status="PASS">
          <reporter-output>
          </reporter-output>
        </test-method> <!-- tearDown -->
        <test-method is-config="true" signature="setUp()[pri:0, instance:tests.LoginTest@702657cc]" started-at="2026-06-15T16:50:05 IST" name="setUp" finished-at="2026-06-15T16:50:06 IST" duration-ms="1099" status="PASS">
          <reporter-output>
          </reporter-output>
        </test-method> <!-- setUp -->
        <test-method signature="loginTest(java.lang.String,java.lang.String)[pri:0, instance:tests.LoginTest@702657cc]" started-at="2026-06-15T16:50:06 IST" name="loginTest" data-provider="loginData" finished-at="2026-06-15T16:50:07 IST" duration-ms="1039" status="PASS">
          <params>
            <param index="0">
              <value>
                <![CDATA[locked_out_user]]>
              </value>
            </param>
            <param index="1">
              <value>
                <![CDATA[secret_sauce]]>
              </value>
            </param>
          </params>
          <reporter-output>
          </reporter-output>
        </test-method> <!-- loginTest -->
        <test-method is-config="true" signature="tearDown()[pri:0, instance:tests.LoginTest@702657cc]" started-at="2026-06-15T16:50:07 IST" name="tearDown" finished-at="2026-06-15T16:50:07 IST" duration-ms="153" status="PASS">
          <reporter-output>
          </reporter-output>
        </test-method> <!-- tearDown -->
        <test-method is-config="true" signature="setUp()[pri:0, instance:tests.LoginTest@702657cc]" started-at="2026-06-15T16:50:07 IST" name="setUp" finished-at="2026-06-15T16:50:08 IST" duration-ms="1105" status="PASS">
          <reporter-output>
          </reporter-output>
        </test-method> <!-- setUp -->
        <test-method signature="verifyInvalidLogin()[pri:0, instance:tests.LoginTest@702657cc]" started-at="2026-06-15T16:50:08 IST" name="verifyInvalidLogin" finished-at="2026-06-15T16:50:09 IST" duration-ms="1132" status="PASS">
          <reporter-output>
          </reporter-output>
        </test-method> <!-- verifyInvalidLogin -->
        <test-method is-config="true" signature="tearDown()[pri:0, instance:tests.LoginTest@702657cc]" started-at="2026-06-15T16:50:09 IST" name="tearDown" finished-at="2026-06-15T16:50:10 IST" duration-ms="152" status="PASS">
          <reporter-output>
          </reporter-output>
        </test-method> <!-- tearDown -->
        <test-method is-config="true" signature="setUp()[pri:0, instance:tests.LoginTest@702657cc]" started-at="2026-06-15T16:50:10 IST" name="setUp" finished-at="2026-06-15T16:50:11 IST" duration-ms="1181" status="PASS">
          <reporter-output>
          </reporter-output>
        </test-method> <!-- setUp -->
        <test-method signature="verifyLogin()[pri:0, instance:tests.LoginTest@702657cc]" started-at="2026-06-15T16:50:11 IST" name="verifyLogin" finished-at="2026-06-15T16:50:12 IST" duration-ms="1121" status="PASS">
          <reporter-output>
          </reporter-output>
        </test-method> <!-- verifyLogin -->
        <test-method is-config="true" signature="tearDown()[pri:0, instance:tests.LoginTest@702657cc]" started-at="2026-06-15T16:50:12 IST" name="tearDown" finished-at="2026-06-15T16:50:12 IST" duration-ms="177" status="PASS">
          <reporter-output>
          </reporter-output>
        </test-method> <!-- tearDown -->
      </class> <!-- tests.LoginTest -->
    </test> <!-- Default test -->
  </suite> <!-- Default suite -->
</testng-results>
