<?xml version="1.0" encoding="UTF-8"?>
<testng-results ignored="1" total="6" passed="5" failed="0" skipped="0">
  <reporter-output>
  </reporter-output>
  <suite started-at="2026-06-16T23:25:48 IST" name="Default suite" finished-at="2026-06-16T23:26:16 IST" duration-ms="28101">
    <groups>
    </groups>
    <test started-at="2026-06-16T23:25:48 IST" name="Default test" finished-at="2026-06-16T23:26:16 IST" duration-ms="28101">
      <class name="tests.LoginTest">
        <test-method is-config="true" signature="setup()[pri:0, instance:tests.LoginTest@45752059]" started-at="2026-06-16T23:25:48 IST" name="setup" finished-at="2026-06-16T23:25:51 IST" duration-ms="2745" status="PASS">
          <reporter-output>
          </reporter-output>
        </test-method> <!-- setup -->
        <test-method signature="loginTest(java.lang.String,java.lang.String)[pri:0, instance:tests.LoginTest@45752059]" started-at="2026-06-16T23:25:51 IST" name="loginTest" data-provider="loginData" finished-at="2026-06-16T23:25:55 IST" duration-ms="4034" status="PASS">
          <params>
            <param index="0">
              <value>
                <![CDATA[standard_user]]>
              </value>
            </param>
            <param index="1">
              <value>
                <![CDATA[secret_sauce]]>
              </value>
            </param>
          </params>
          <reporter-output>
          </reporter-output>
        </test-method> <!-- loginTest -->
        <test-method is-config="true" signature="tearDown()[pri:0, instance:tests.LoginTest@45752059]" started-at="2026-06-16T23:25:55 IST" name="tearDown" finished-at="2026-06-16T23:25:56 IST" duration-ms="757" status="PASS">
          <reporter-output>
          </reporter-output>
        </test-method> <!-- tearDown -->
        <test-method is-config="true" signature="setup()[pri:0, instance:tests.LoginTest@45752059]" started-at="2026-06-16T23:25:56 IST" name="setup" finished-at="2026-06-16T23:25:58 IST" duration-ms="2226" status="PASS">
          <reporter-output>
          </reporter-output>
        </test-method> <!-- setup -->
        <test-method signature="loginTest(java.lang.String,java.lang.String)[pri:0, instance:tests.LoginTest@45752059]" started-at="2026-06-16T23:25:58 IST" name="loginTest" data-provider="loginData" finished-at="2026-06-16T23:26:01 IST" duration-ms="2428" status="PASS">
          <params>
            <param index="0">
              <value>
                <![CDATA[wrong_user]]>
              </value>
            </param>
            <param index="1">
              <value>
                <![CDATA[wrong_password]]>
              </value>
            </param>
          </params>
          <reporter-output>
          </reporter-output>
        </test-method> <!-- loginTest -->
        <test-method is-config="true" signature="tearDown()[pri:0, instance:tests.LoginTest@45752059]" started-at="2026-06-16T23:26:01 IST" name="tearDown" finished-at="2026-06-16T23:26:01 IST" duration-ms="167" status="PASS">
          <reporter-output>
          </reporter-output>
        </test-method> <!-- tearDown -->
        <test-method is-config="true" signature="setup()[pri:0, instance:tests.LoginTest@45752059]" started-at="2026-06-16T23:26:01 IST" name="setup" finished-at="2026-06-16T23:26:02 IST" duration-ms="1220" status="PASS">
          <reporter-output>
          </reporter-output>
        </test-method> <!-- setup -->
        <test-method signature="loginTest(java.lang.String,java.lang.String)[pri:0, instance:tests.LoginTest@45752059]" started-at="2026-06-16T23:26:02 IST" name="loginTest" data-provider="loginData" finished-at="2026-06-16T23:26:05 IST" duration-ms="3122" status="PASS">
          <params>
            <param index="0">
              <value>
                <![CDATA[locked_out_user]]>
              </value>
            </param>
            <param index="1">
              <value>
                <![CDATA[secret_sauce]]>
              </value>
            </param>
          </params>
          <reporter-output>
          </reporter-output>
        </test-method> <!-- loginTest -->
        <test-method is-config="true" signature="tearDown()[pri:0, instance:tests.LoginTest@45752059]" started-at="2026-06-16T23:26:05 IST" name="tearDown" finished-at="2026-06-16T23:26:05 IST" duration-ms="148" status="PASS">
          <reporter-output>
          </reporter-output>
        </test-method> <!-- tearDown -->
        <test-method is-config="true" signature="setup()[pri:0, instance:tests.LoginTest@45752059]" started-at="2026-06-16T23:26:05 IST" name="setup" finished-at="2026-06-16T23:26:07 IST" duration-ms="1351" status="PASS">
          <reporter-output>
          </reporter-output>
        </test-method> <!-- setup -->
        <test-method signature="verifyInvalidLogin()[pri:0, instance:tests.LoginTest@45752059]" started-at="2026-06-16T23:26:07 IST" name="verifyInvalidLogin" finished-at="2026-06-16T23:26:09 IST" duration-ms="2774" status="PASS">
          <reporter-output>
          </reporter-output>
        </test-method> <!-- verifyInvalidLogin -->
        <test-method is-config="true" signature="tearDown()[pri:0, instance:tests.LoginTest@45752059]" started-at="2026-06-16T23:26:09 IST" name="tearDown" finished-at="2026-06-16T23:26:10 IST" duration-ms="178" status="PASS">
          <reporter-output>
          </reporter-output>
        </test-method> <!-- tearDown -->
        <test-method is-config="true" signature="setup()[pri:0, instance:tests.LoginTest@45752059]" started-at="2026-06-16T23:26:10 IST" name="setup" finished-at="2026-06-16T23:26:11 IST" duration-ms="1439" status="PASS">
          <reporter-output>
          </reporter-output>
        </test-method> <!-- setup -->
        <test-method signature="verifyLogin()[pri:0, instance:tests.LoginTest@45752059]" started-at="2026-06-16T23:26:11 IST" name="verifyLogin" finished-at="2026-06-16T23:26:16 IST" duration-ms="5198" status="PASS">
          <reporter-output>
          </reporter-output>
        </test-method> <!-- verifyLogin -->
        <test-method is-config="true" signature="tearDown()[pri:0, instance:tests.LoginTest@45752059]" started-at="2026-06-16T23:26:16 IST" name="tearDown" finished-at="2026-06-16T23:26:16 IST" duration-ms="175" status="PASS">
          <reporter-output>
          </reporter-output>
        </test-method> <!-- tearDown -->
      </class> <!-- tests.LoginTest -->
    </test> <!-- Default test -->
  </suite> <!-- Default suite -->
</testng-results>
