<?xml version="1.0" encoding="UTF-8"?>
<!-- Generated by org.testng.reporters.JUnitReportReporter -->
<testsuite hostname="IEPL-THILAKSHAN" failures="0" tests="6" name="tests.LoginTest" time="27.962" errors="0" timestamp="2026-06-16T23:26:17 IST" skipped="1">
  <testcase classname="tests.LoginTest" name="loginTest" time="5.523"/>
  <testcase classname="tests.LoginTest" name="loginTest" time="4.624"/>
  <testcase classname="tests.LoginTest" name="verifyInvalidLogin" time="4.161"/>
  <testcase classname="tests.LoginTest" name="loginTest" time="6.957"/>
  <testcase classname="tests.LoginTest" name="verifyLogin" time="6.697"/>
  <testcase classname="tests.LoginTest" name="verifyLoginFailureDemo">
    <skipped/>
  </testcase> <!-- verifyLoginFailureDemo -->
</testsuite> <!-- tests.LoginTest -->
