<?xml version="1.0" encoding="UTF-8"?>
<!-- Generated by org.testng.reporters.JUnitReportReporter -->
<testsuite hostname="IEPL-THILAKSHAN" failures="0" tests="6" name="tests.LoginTest" time="13.107" errors="0" timestamp="2026-06-15T16:50:12 IST" skipped="1">
  <testcase classname="tests.LoginTest" name="verifyLogin" time="2.455"/>
  <testcase classname="tests.LoginTest" name="loginTest" time="2.725"/>
  <testcase classname="tests.LoginTest" name="loginTest" time="3.055"/>
  <testcase classname="tests.LoginTest" name="verifyInvalidLogin" time="2.414"/>
  <testcase classname="tests.LoginTest" name="loginTest" time="2.458"/>
  <testcase classname="tests.LoginTest" name="verifyLoginFailureDemo">
    <skipped/>
  </testcase> <!-- verifyLoginFailureDemo -->
</testsuite> <!-- tests.LoginTest -->
