<?xml version="1.0" encoding="UTF-8"?>
<!-- Generated by org.testng.reporters.JUnitXMLReporter -->
<testsuite ignored="1" hostname="IEPL-THILAKSHAN" failures="0" tests="5" name="Login Tests" time="15.908" errors="0" timestamp="2026-06-16T09:10:52 IST">
  <testcase classname="tests.LoginTest" name="loginTest" time="1.319"/>
  <testcase classname="tests.LoginTest" name="loginTest" time="1.338"/>
  <testcase classname="tests.LoginTest" name="loginTest" time="1.406"/>
  <testcase classname="tests.LoginTest" name="verifyInvalidLogin" time="1.726"/>
  <testcase classname="tests.LoginTest" name="verifyLogin" time="1.302"/>
  <testcase classname="tests.LoginTest" name="verifyLoginFailureDemo" time="0.0">
    <ignored/>
  </testcase> <!-- verifyLoginFailureDemo -->
</testsuite> <!-- Login Tests -->
