<?xml version="1.0" encoding="UTF-8"?>
<!-- Generated by org.testng.reporters.JUnitXMLReporter -->
<testsuite ignored="1" hostname="IEPL-THILAKSHAN" failures="0" tests="5" name="Login Tests" time="39.497" errors="0" timestamp="2026-06-16T22:34:39 IST">
  <testcase classname="tests.LoginTest" name="loginTest" time="3.673"/>
  <testcase classname="tests.LoginTest" name="loginTest" time="3.328"/>
  <testcase classname="tests.LoginTest" name="loginTest" time="2.78"/>
  <testcase classname="tests.LoginTest" name="verifyInvalidLogin" time="5.289"/>
  <testcase classname="tests.LoginTest" name="verifyLogin" time="8.175"/>
  <testcase classname="tests.LoginTest" name="verifyLoginFailureDemo" time="0.0">
    <ignored/>
  </testcase> <!-- verifyLoginFailureDemo -->
</testsuite> <!-- Login Tests -->
