<?xml version="1.0" encoding="UTF-8"?>
<!-- Generated by org.testng.reporters.JUnitXMLReporter -->
<testsuite ignored="1" hostname="IEPL-THILAKSHAN" failures="0" tests="5" name="Default test" time="16.104" errors="0" timestamp="2026-06-16T09:10:26 IST">
  <testcase classname="tests.LoginTest" name="loginTest" time="1.818"/>
  <testcase classname="tests.LoginTest" name="loginTest" time="1.293"/>
  <testcase classname="tests.LoginTest" name="loginTest" time="1.136"/>
  <testcase classname="tests.LoginTest" name="verifyInvalidLogin" time="1.271"/>
  <testcase classname="tests.LoginTest" name="verifyLogin" time="1.11"/>
  <testcase classname="tests.LoginTest" name="verifyLoginFailureDemo" time="0.0">
    <ignored/>
  </testcase> <!-- verifyLoginFailureDemo -->
</testsuite> <!-- Default test -->
