<?xml version="1.0" encoding="UTF-8"?>
<!-- Generated by org.testng.reporters.JUnitXMLReporter -->
<testsuite ignored="1" hostname="IEPL-THILAKSHAN" failures="0" tests="5" name="Default test" time="28.101" errors="0" timestamp="2026-06-16T23:26:16 IST">
  <testcase classname="tests.LoginTest" name="loginTest" time="4.034"/>
  <testcase classname="tests.LoginTest" name="loginTest" time="2.428"/>
  <testcase classname="tests.LoginTest" name="loginTest" time="3.122"/>
  <testcase classname="tests.LoginTest" name="verifyInvalidLogin" time="2.774"/>
  <testcase classname="tests.LoginTest" name="verifyLogin" time="5.198"/>
  <testcase classname="tests.LoginTest" name="verifyLoginFailureDemo" time="0.0">
    <ignored/>
  </testcase> <!-- verifyLoginFailureDemo -->
</testsuite> <!-- Default test -->
